<?xml version="1.0" encoding="UTF-8"?>
<!-- Generated by org.testng.reporters.JUnitReportReporter -->
<testsuite hostname="QT-INHD-LT0567" failures="0" tests="1" name="seleniumLearning.mavenproject.AppTest" time="0.005" errors="0" timestamp="2023-03-16T16:16:45 IST" skipped="0">
  <testcase classname="seleniumLearning.mavenproject.AppTest" name="shouldAnswerWithTrue" time="0.005"/>
  <system-out/>
</testsuite> <!-- seleniumLearning.mavenproject.AppTest -->
